<?xml version="1.0" encoding="UTF-8"?>
<testsuite xmlns:xsi="http://www.w3.org/2001/XMLSchema-instance" xsi:schemaLocation="https://maven.apache.org/surefire/maven-surefire-plugin/xsd/surefire-test-report.xsd" name="com.springboot.api.model.ContactTest" time="14.151" tests="8" errors="0" skipped="0" failures="0">
  <properties>
[...]
</properties>
  <testcase name="getId" classname="com.springboot.api.model.ContactTest" time="0.01"/>
  <testcase name="setId" classname="com.springboot.api.model.ContactTest" time="0.005"/>
  <testcase name="getFirstName" classname="com.springboot.api.model.ContactTest" time="0.003"/>
  <testcase name="setNumber" classname="com.springboot.api.model.ContactTest" time="0.004"/>
  <testcase name="setLastName" classname="com.springboot.api.model.ContactTest" time="0.005"/>
  <testcase name="getLastName" classname="com.springboot.api.model.ContactTest" time="0.005"/>
  <testcase name="getNumber" classname="com.springboot.api.model.ContactTest" time="0.004"/>
  <testcase name="setFirstName" classname="com.springboot.api.model.ContactTest" time="0.004"/>
</testsuite>